2021-09-18 18:35:29,578 INFO [background-preinit][Version.java:21] - HV000001: Hibernate Validator 6.1.5.Final
2021-09-18 18:35:29,692 INFO [main][StartupInfoLogger.java:55] - Starting DemoApplication on JDdeMacBook-Pro.local with PID 46457 (/Users/jd/Documents/GitHub/java_app/api/app/target/classes started by jd in /Users/jd/Documents/GitHub/java_app/api)
2021-09-18 18:35:29,697 INFO [main][SpringApplication.java:655] - The following profiles are active: dev
2021-09-18 18:35:31,838 INFO [main][TomcatWebServer.java:108] - Tomcat initialized with port(s): 8080 (http)
2021-09-18 18:35:31,858 INFO [main][DirectJDKLog.java:173] - Initializing ProtocolHandler ["http-nio-8080"]
2021-09-18 18:35:31,859 INFO [main][DirectJDKLog.java:173] - Starting service [Tomcat]
2021-09-18 18:35:31,859 INFO [main][DirectJDKLog.java:173] - Starting Servlet engine: [Apache Tomcat/9.0.37]
2021-09-18 18:35:32,116 INFO [main][DirectJDKLog.java:173] - Initializing Spring embedded WebApplicationContext
2021-09-18 18:35:32,117 INFO [main][ServletWebServerApplicationContext.java:285] - Root WebApplicationContext: initialization completed in 2298 ms
2021-09-18 18:35:33,651 INFO [main][DirectJDKLog.java:173] - Starting ProtocolHandler ["http-nio-8080"]
2021-09-18 18:35:33,677 WARN [main][AbstractApplicationContext.java:559] - Exception encountered during context initialization - cancelling refresh attempt: org.springframework.context.ApplicationContextException: Failed to start bean 'webServerStartStop'; nested exception is org.springframework.boot.web.server.PortInUseException: Port 8080 is already in use
2021-09-18 18:35:33,682 INFO [main][DirectJDKLog.java:173] - Pausing ProtocolHandler ["http-nio-8080"]
2021-09-18 18:35:33,682 INFO [main][DirectJDKLog.java:173] - Stopping service [Tomcat]
2021-09-18 18:35:33,689 INFO [main][DirectJDKLog.java:173] - Stopping ProtocolHandler ["http-nio-8080"]
2021-09-18 18:35:33,690 INFO [main][DirectJDKLog.java:173] - Destroying ProtocolHandler ["http-nio-8080"]
2021-09-18 18:35:33,701 INFO [main][ConditionEvaluationReportLoggingListener.java:136] - 

Error starting ApplicationContext. To display the conditions report re-run your application with 'debug' enabled.
2021-09-18 18:35:33,704 ERROR [main][LoggingFailureAnalysisReporter.java:40] - 

***************************
APPLICATION FAILED TO START
***************************

Description:

Web server failed to start. Port 8080 was already in use.

Action:

Identify and stop the process that's listening on port 8080 or configure this application to listen on another port.

2021-09-18 18:36:15,262 INFO [background-preinit][Version.java:21] - HV000001: Hibernate Validator 6.1.5.Final
2021-09-18 18:36:15,376 INFO [main][StartupInfoLogger.java:55] - Starting DemoApplication on JDdeMacBook-Pro.local with PID 46527 (/Users/jd/Documents/GitHub/java_app/api/app/target/classes started by jd in /Users/jd/Documents/GitHub/java_app/api)
2021-09-18 18:36:15,381 INFO [main][SpringApplication.java:655] - The following profiles are active: dev
2021-09-18 18:36:17,536 INFO [main][TomcatWebServer.java:108] - Tomcat initialized with port(s): 8081 (http)
2021-09-18 18:36:17,553 INFO [main][DirectJDKLog.java:173] - Initializing ProtocolHandler ["http-nio-8081"]
2021-09-18 18:36:17,553 INFO [main][DirectJDKLog.java:173] - Starting service [Tomcat]
2021-09-18 18:36:17,554 INFO [main][DirectJDKLog.java:173] - Starting Servlet engine: [Apache Tomcat/9.0.37]
2021-09-18 18:36:17,830 INFO [main][DirectJDKLog.java:173] - Initializing Spring embedded WebApplicationContext
2021-09-18 18:36:17,830 INFO [main][ServletWebServerApplicationContext.java:285] - Root WebApplicationContext: initialization completed in 2317 ms
2021-09-18 18:36:19,194 INFO [main][DirectJDKLog.java:173] - Starting ProtocolHandler ["http-nio-8081"]
2021-09-18 18:36:19,248 INFO [main][TomcatWebServer.java:220] - Tomcat started on port(s): 8081 (http) with context path '/app'
2021-09-18 18:36:19,269 INFO [main][StartupInfoLogger.java:61] - Started DemoApplication in 4.462 seconds (JVM running for 6.187)
